<?xml version="1.0" encoding="UTF-8"?>
<testng-results ignored="2" total="4" passed="2" failed="0" skipped="0">
  <reporter-output>
  </reporter-output>
  <suite started-at="2022-01-30T20:10:41 IST" name="Suite" finished-at="2022-01-30T20:11:04 IST" duration-ms="22798">
    <groups>
      <group name="regression">
        <method signature="LoginPageTest.loginPageTest()[pri:0, instance:com.mystore.testcases.LoginPageTest@13b13b5d]" name="loginPageTest" class="com.mystore.testcases.LoginPageTest"/>
        <method signature="SearchHotelsPageTest.searchHotelPageTest(java.util.HashMap)[pri:0, instance:com.mystore.testcases.SearchHotelsPageTest@2892dae4]" name="searchHotelPageTest" class="com.mystore.testcases.SearchHotelsPageTest"/>
      </group> <!-- regression -->
      <group name="smoke">
        <method signature="LoginPageTest.loginPageTest()[pri:0, instance:com.mystore.testcases.LoginPageTest@13b13b5d]" name="loginPageTest" class="com.mystore.testcases.LoginPageTest"/>
        <method signature="SearchHotelsPageTest.searchHotelPageTest(java.util.HashMap)[pri:0, instance:com.mystore.testcases.SearchHotelsPageTest@2892dae4]" name="searchHotelPageTest" class="com.mystore.testcases.SearchHotelsPageTest"/>
      </group> <!-- smoke -->
      <group name="sanity">
        <method signature="LoginPageTest.loginPageTest()[pri:0, instance:com.mystore.testcases.LoginPageTest@13b13b5d]" name="loginPageTest" class="com.mystore.testcases.LoginPageTest"/>
        <method signature="SearchHotelsPageTest.searchHotelPageTest(java.util.HashMap)[pri:0, instance:com.mystore.testcases.SearchHotelsPageTest@2892dae4]" name="searchHotelPageTest" class="com.mystore.testcases.SearchHotelsPageTest"/>
      </group> <!-- sanity -->
    </groups>
    <test started-at="2022-01-30T20:10:41 IST" name="Login" finished-at="2022-01-30T20:11:04 IST" duration-ms="22798">
      <class name="com.mystore.testcases.LoginPageTest">
        <test-method is-config="true" signature="loadConfig()[pri:0, instance:com.mystore.testcases.LoginPageTest@13b13b5d]" started-at="2022-01-30T20:10:40 IST" name="loadConfig" finished-at="2022-01-30T20:10:41 IST" duration-ms="815" status="PASS">
          <reporter-output>
          </reporter-output>
        </test-method> <!-- loadConfig -->
        <test-method is-config="true" signature="setUp(java.lang.String)[pri:0, instance:com.mystore.testcases.LoginPageTest@13b13b5d]" started-at="2022-01-30T20:10:41 IST" name="setUp" finished-at="2022-01-30T20:10:51 IST" duration-ms="9762" status="PASS">
          <params>
            <param index="0">
              <value>
                <![CDATA[chrome]]>
              </value>
            </param>
          </params>
          <reporter-output>
          </reporter-output>
        </test-method> <!-- setUp -->
        <test-method signature="loginPageTest()[pri:0, instance:com.mystore.testcases.LoginPageTest@13b13b5d]" started-at="2022-01-30T20:10:51 IST" name="loginPageTest" finished-at="2022-01-30T20:10:53 IST" duration-ms="2124" status="PASS">
          <reporter-output>
          </reporter-output>
        </test-method> <!-- loginPageTest -->
        <test-method is-config="true" signature="tearDown()[pri:0, instance:com.mystore.testcases.LoginPageTest@13b13b5d]" started-at="2022-01-30T20:10:53 IST" name="tearDown" finished-at="2022-01-30T20:10:53 IST" duration-ms="393" status="PASS">
          <reporter-output>
          </reporter-output>
        </test-method> <!-- tearDown -->
        <test-method is-config="true" signature="afterSuite()[pri:0, instance:com.mystore.testcases.LoginPageTest@13b13b5d]" started-at="2022-01-30T20:11:04 IST" name="afterSuite" finished-at="2022-01-30T20:11:05 IST" duration-ms="735" status="PASS">
          <reporter-output>
          </reporter-output>
        </test-method> <!-- afterSuite -->
      </class> <!-- com.mystore.testcases.LoginPageTest -->
      <class name="com.mystore.testcases.SearchHotelsPageTest">
        <test-method is-config="true" signature="setUp(java.lang.String)[pri:0, instance:com.mystore.testcases.SearchHotelsPageTest@2892dae4]" started-at="2022-01-30T20:10:55 IST" name="setUp" finished-at="2022-01-30T20:11:00 IST" duration-ms="5157" status="PASS">
          <params>
            <param index="0">
              <value>
                <![CDATA[chrome]]>
              </value>
            </param>
          </params>
          <reporter-output>
          </reporter-output>
        </test-method> <!-- setUp -->
        <test-method signature="searchHotelPageTest(java.util.HashMap)[pri:0, instance:com.mystore.testcases.SearchHotelsPageTest@2892dae4]" started-at="2022-01-30T20:11:00 IST" name="searchHotelPageTest" data-provider="Adactin" finished-at="2022-01-30T20:11:04 IST" duration-ms="3118" status="PASS">
          <params>
            <param index="0">
              <value>
                <![CDATA[{Hotels=Hotel Sunshine, Roomtype=Deluxe, No of rooms=5 - Five, Adults=3 - Three, Child=3 - Three, Location=London}]]>
              </value>
            </param>
          </params>
          <reporter-output>
          </reporter-output>
        </test-method> <!-- searchHotelPageTest -->
        <test-method is-config="true" signature="tearDown()[pri:0, instance:com.mystore.testcases.SearchHotelsPageTest@2892dae4]" started-at="2022-01-30T20:11:04 IST" name="tearDown" finished-at="2022-01-30T20:11:04 IST" duration-ms="361" status="PASS">
          <reporter-output>
          </reporter-output>
        </test-method> <!-- tearDown -->
      </class> <!-- com.mystore.testcases.SearchHotelsPageTest -->
    </test> <!-- Login -->
  </suite> <!-- Suite -->
</testng-results>
