<?xml version="1.0" encoding="UTF-8"?>
<!-- Generated by org.testng.reporters.JUnitXMLReporter -->
<testsuite ignored="2" hostname="LAPTOP-TGUEFRPF" failures="0" tests="2" name="Login" time="22.798" errors="0" timestamp="2022-01-30T20:11:04 IST">
  <testcase classname="com.mystore.testcases.LoginPageTest" name="loginPageTest" time="2.124"/>
  <testcase classname="com.mystore.testcases.SearchHotelsPageTest" name="searchHotelPageTest" time="3.118"/>
  <testcase classname="com.mystore.base.BaseClass" name="@AfterSuite afterSuite" time="0.0">
    <ignored/>
  </testcase> <!-- @AfterSuite afterSuite -->
  <testcase classname="com.mystore.base.BaseClass" name="@BeforeSuite loadConfig" time="0.0">
    <ignored/>
  </testcase> <!-- @BeforeSuite loadConfig -->
</testsuite> <!-- Login -->
